<?xml version="1.0" encoding="UTF-8"?>
<!-- Generated by org.testng.reporters.JUnitXMLReporter -->
<testsuite ignored="0" hostname="DESKTOP-8G1751C" failures="1" tests="1" name="FunctionalTesting" time="62.978" errors="0" timestamp="2022-12-28T12:37:57 IST">
  <testcase classname="TestSuite.TravelPage" name="testing" time="62.943">
    <failure type="java.lang.NoSuchMethodError" message="&amp;apos;void org.openqa.selenium.support.ui.WebDriverWait.&amp;lt;init&amp;gt;(org.openqa.selenium.WebDriver, long)&amp;apos;">
      <![CDATA[java.lang.NoSuchMethodError: 'void org.openqa.selenium.support.ui.WebDriverWait.<init>(org.openqa.selenium.WebDriver, long)'
at BaseClass.BaseClass.wait(BaseClass.java:66)
at Homepage.TravelInsurancePage.travel(TravelInsurancePage.java:46)
at TestSuite.TravelPage.testing(TravelPage.java:19)
at java.base/java.util.ArrayList.forEach(ArrayList.java:1511)
... Removed 25 stack frames]]>
    </failure>
  </testcase> <!-- testing -->
</testsuite> <!-- FunctionalTesting -->
